<?xml version="1.0" encoding="UTF-8"?>
<!-- Generated by org.testng.reporters.JUnitReportReporter -->
<testsuite hostname="Muralis-MBP.attlocal.net" failures="0" tests="1" name="tests.QueueTest" time="31.362" errors="0" timestamp="2025-05-24T13:33:49 PDT" skipped="0">
  <testcase classname="tests.QueueTest" name="queuePageValidation" time="31.362"/>
</testsuite> <!-- tests.QueueTest -->
