<?xml version="1.0" encoding="UTF-8"?>
<!-- Generated by org.testng.reporters.JUnitReportReporter -->
<testsuite hostname="DESKTOP-TCJEROD" failures="0" tests="9" name="tests.DataStructureIntroTest" time="90.366" errors="0" timestamp="2025-05-19T18:42:06 PDT" skipped="0">
  <testcase classname="tests.DataStructureIntroTest" name="dataStructureValidation" time="5.328"/>
  <testcase classname="tests.DataStructureIntroTest" name="timeComplexity" time="4.905"/>
  <testcase classname="tests.DataStructureIntroTest" name="practiceQuestionsLinkValidation" time="5.108"/>
  <testcase classname="tests.DataStructureIntroTest" name="tryhereValidation" time="8.488"/>
  <testcase classname="tests.DataStructureIntroTest" name="tryEditorValidationWithoutCode" time="6.391"/>
  <testcase classname="tests.DataStructureIntroTest" name="incorrectPythonCodeValidation" time="20.747"/>
  <testcase classname="tests.DataStructureIntroTest" name="validPythonCodeValidation" time="21.564"/>
  <testcase classname="tests.DataStructureIntroTest" name="navigateBack" time="8.794"/>
  <testcase classname="tests.DataStructureIntroTest" name="signoutValidation" time="9.041"/>
</testsuite> <!-- tests.DataStructureIntroTest -->
