<?xml version="1.0" encoding="UTF-8"?>
<!-- Generated by org.testng.reporters.JUnitReportReporter -->
<testsuite hostname="Muralis-MBP.attlocal.net" failures="0" tests="1" name="tests.DataStructureIntroTest" time="17.124" errors="0" timestamp="2025-05-24T13:36:22 PDT" skipped="0">
  <testcase classname="tests.DataStructureIntroTest" name="dataStructureValidation" time="17.124"/>
</testsuite> <!-- tests.DataStructureIntroTest -->
