<?xml version="1.0" encoding="UTF-8"?>
<!-- Generated by org.testng.reporters.JUnitReportReporter -->
<testsuite hostname="Muralis-MBP.attlocal.net" failures="0" tests="1" name="tests.TreeTest" time="23.168" errors="0" timestamp="2025-05-24T13:32:23 PDT" skipped="0">
  <testcase classname="tests.TreeTest" name="treePageValidation" time="23.168"/>
</testsuite> <!-- tests.TreeTest -->
