<?xml version="1.0" encoding="UTF-8"?>
<!-- Generated by org.testng.reporters.JUnitReportReporter -->
<testsuite hostname="LAPTOP-12AOOIRF" failures="0" tests="1" name="tests.LoginTest" time="5.407" errors="0" timestamp="2025-05-23T00:30:03 EDT" skipped="0">
  <testcase classname="tests.LoginTest" name="testValidLogin" time="5.407"/>
</testsuite> <!-- tests.LoginTest -->
