<?xml version="1.0" encoding="UTF-8"?>
<!-- Generated by org.testng.reporters.JUnitReportReporter -->
<testsuite hostname="LAPTOP-12AOOIRF" failures="0" tests="1" name="tests.HomeTest" time="6.060" errors="0" timestamp="2025-05-16T12:46:11 EDT" skipped="0">
  <testcase classname="tests.HomeTest" name="the_user_should_see_all_header_elements" time="6.060"/>
</testsuite> <!-- tests.HomeTest -->
