<?xml version="1.0" encoding="UTF-8"?>
<!-- Generated by org.testng.reporters.JUnitReportReporter -->
<testsuite hostname="Muralis-MBP.attlocal.net" failures="0" tests="1" name="tests.LoginTest" time="4.264" errors="0" timestamp="2025-05-24T13:34:25 PDT" skipped="0">
  <testcase classname="tests.LoginTest" name="the_user_leave_the_username_field_empty_and_click_login" time="4.264"/>
</testsuite> <!-- tests.LoginTest -->
