<?xml version="1.0" encoding="UTF-8"?>
<!-- Generated by org.testng.reporters.JUnitReportReporter -->
<testsuite hostname="LAPTOP-12AOOIRF" failures="0" tests="4" name="tests.LoginTest" time="29.076" errors="0" timestamp="2025-05-21T00:51:17 EDT" skipped="0">
  <testcase classname="tests.LoginTest" name="the_user_leave_the_username_field_empty_and_click_login" time="3.860"/>
  <testcase classname="tests.LoginTest" name="the_user_leave_the_password_field_empty_and_click_login" time="18.162"/>
  <testcase classname="tests.LoginTest" name="testblankLogin" time="3.201"/>
  <testcase classname="tests.LoginTest" name="testValidLogin" time="3.853"/>
</testsuite> <!-- tests.LoginTest -->
