<?xml version="1.0" encoding="UTF-8"?>
<!-- Generated by org.testng.reporters.JUnitReportReporter -->
<testsuite hostname="Muralis-MBP.attlocal.net" failures="0" tests="1" name="tests.StackTest" time="20.998" errors="0" timestamp="2025-05-24T13:32:56 PDT" skipped="0">
  <testcase classname="tests.StackTest" name="verifyUserIsInStackPage" time="20.998"/>
</testsuite> <!-- tests.StackTest -->
