<?xml version="1.0" encoding="UTF-8"?>
<!-- Generated by org.testng.reporters.JUnitReportReporter -->
<testsuite hostname="DESKTOP-TCJEROD" failures="0" tests="9" name="tests.DataStructureIntroTest" time="94.393" errors="0" timestamp="2025-05-20T18:05:02 PDT" skipped="0">
  <testcase classname="tests.DataStructureIntroTest" name="dataStructureValidation" time="5.410"/>
  <testcase classname="tests.DataStructureIntroTest" name="timeComplexity" time="5.742"/>
  <testcase classname="tests.DataStructureIntroTest" name="practiceQuestionsLinkValidation" time="4.768"/>
  <testcase classname="tests.DataStructureIntroTest" name="tryhereValidation" time="7.618"/>
  <testcase classname="tests.DataStructureIntroTest" name="tryEditorValidationWithoutCode" time="8.835"/>
  <testcase classname="tests.DataStructureIntroTest" name="incorrectPythonCodeValidation" time="23.591"/>
  <testcase classname="tests.DataStructureIntroTest" name="validPythonCodeValidation" time="23.364"/>
  <testcase classname="tests.DataStructureIntroTest" name="navigateBack" time="6.306"/>
  <testcase classname="tests.DataStructureIntroTest" name="signoutValidation" time="8.759"/>
</testsuite> <!-- tests.DataStructureIntroTest -->
