<?xml version="1.0" encoding="UTF-8"?>
<!-- Generated by org.testng.reporters.JUnitReportReporter -->
<testsuite hostname="Muralis-MBP.attlocal.net" failures="0" tests="1" name="tests.ArrayTest" time="17.196" errors="0" timestamp="2025-05-24T13:36:50 PDT" skipped="0">
  <testcase classname="tests.ArrayTest" name="verifyUserIsInArrayPage" time="17.196"/>
</testsuite> <!-- tests.ArrayTest -->
