<?xml version="1.0" encoding="UTF-8"?>
<!-- Generated by org.testng.reporters.JUnitReportReporter -->
<testsuite hostname="LAPTOP-2KQV9F30" failures="0" tests="1" name="tests.ArrayTest" time="9.945" errors="0" timestamp="2025-05-21T19:51:41 CDT" skipped="0">
  <testcase classname="tests.ArrayTest" name="VerifyTryHere" time="9.945"/>
</testsuite> <!-- tests.ArrayTest -->
