<?xml version="1.0" encoding="UTF-8"?>
<!-- Generated by org.testng.reporters.JUnitReportReporter -->
<testsuite hostname="LAPTOP-12AOOIRF" failures="0" tests="1" name="tests.LoginTest" time="7.692" errors="0" timestamp="2025-05-21T21:44:40 EDT" skipped="0">
  <testcase classname="tests.LoginTest" name="the_user_leave_the_password_field_empty_and_click_login" time="7.692"/>
</testsuite> <!-- tests.LoginTest -->
