<?xml version="1.0" encoding="UTF-8"?>
<!-- Generated by org.testng.reporters.JUnitReportReporter -->
<testsuite hostname="DESKTOP-TCJEROD" failures="0" tests="9" name="tests.DataStructureIntroTest" time="89.026" errors="0" timestamp="2025-05-16T22:53:09 PDT" skipped="0">
  <testcase classname="tests.DataStructureIntroTest" name="dataStructureValidation" time="5.320"/>
  <testcase classname="tests.DataStructureIntroTest" name="timeComplexity" time="4.737"/>
  <testcase classname="tests.DataStructureIntroTest" name="practiceQuestionsLinkValidation" time="5.945"/>
  <testcase classname="tests.DataStructureIntroTest" name="tryhereValidation" time="8.855"/>
  <testcase classname="tests.DataStructureIntroTest" name="tryEditorValidationWithoutCode" time="8.538"/>
  <testcase classname="tests.DataStructureIntroTest" name="incorrectPythonCodeValidation" time="22.107"/>
  <testcase classname="tests.DataStructureIntroTest" name="validPythonCodeValidation" time="18.147"/>
  <testcase classname="tests.DataStructureIntroTest" name="navigateBack" time="6.092"/>
  <testcase classname="tests.DataStructureIntroTest" name="signoutValidation" time="9.285"/>
</testsuite> <!-- tests.DataStructureIntroTest -->
