<?xml version="1.0" encoding="UTF-8"?>
<!-- Generated by org.testng.reporters.JUnitReportReporter -->
<testsuite hostname="LAPTOP-12AOOIRF" failures="0" tests="1" name="tests.HomeTest" time="5.309" errors="0" timestamp="2025-05-23T00:18:23 EDT" skipped="0">
  <testcase classname="tests.HomeTest" name="the_user_should_see_all_header_elements" time="5.309"/>
</testsuite> <!-- tests.HomeTest -->
