<?xml version="1.0" encoding="UTF-8"?>
<!-- Generated by org.testng.reporters.JUnitReportReporter -->
<testsuite hostname="Muralis-MBP.attlocal.net" failures="0" tests="1" name="tests.HomeTest" time="3.960" errors="0" timestamp="2025-05-24T13:35:29 PDT" skipped="0">
  <testcase classname="tests.HomeTest" name="testClickRegistor" time="3.960"/>
</testsuite> <!-- tests.HomeTest -->
