<?xml version="1.0" encoding="UTF-8"?>
<!-- Generated by org.testng.reporters.JUnitReportReporter -->
<testsuite hostname="LAPTOP-2KQV9F30" failures="0" tests="1" name="tests.ArrayTest" time="13.480" errors="0" timestamp="2025-05-20T19:50:59 CDT" skipped="0">
  <testcase classname="tests.ArrayTest" name="verifyUserIsInArrayPage" time="13.480"/>
</testsuite> <!-- tests.ArrayTest -->
