<?xml version="1.0" encoding="UTF-8"?>
<!-- Generated by org.testng.reporters.JUnitReportReporter -->
<testsuite hostname="LAPTOP-12AOOIRF" failures="0" tests="1" name="tests.ArrayTest" time="6.018" errors="0" timestamp="2025-05-21T23:25:34 EDT" skipped="0">
  <testcase classname="tests.ArrayTest" name="verifyUserIsInArrayPage" time="6.018"/>
</testsuite> <!-- tests.ArrayTest -->
