<?xml version="1.0" encoding="UTF-8"?>
<!-- Generated by org.testng.reporters.JUnitReportReporter -->
<testsuite hostname="Muralis-MBP.attlocal.net" failures="0" tests="1" name="tests.GraphTest" time="16.078" errors="0" timestamp="2025-05-24T13:35:54 PDT" skipped="0">
  <testcase classname="tests.GraphTest" name="graphPageValidation" time="16.078"/>
</testsuite> <!-- tests.GraphTest -->
