<?xml version="1.0" encoding="UTF-8"?>
<!-- Generated by org.testng.reporters.JUnitReportReporter -->
<testsuite hostname="Muralis-MBP.attlocal.net" failures="0" tests="1" name="tests.RegisterTest" time="4.220" errors="0" timestamp="2025-05-24T13:33:08 PDT" skipped="0">
  <testcase classname="tests.RegisterTest" name="registerPageValidation" time="4.220"/>
</testsuite> <!-- tests.RegisterTest -->
