<?xml version="1.0" encoding="UTF-8"?>
<!-- Generated by org.testng.reporters.JUnitReportReporter -->
<testsuite hostname="LAPTOP-2KQV9F30" failures="0" tests="1" name="tests.StackTest" time="5.243" errors="0" timestamp="2025-05-20T20:05:14 CDT" skipped="0">
  <testcase classname="tests.StackTest" name="verifyUserIsInStackPage" time="5.243"/>
</testsuite> <!-- tests.StackTest -->
