<?xml version="1.0" encoding="UTF-8"?>
<!-- Generated by org.testng.reporters.JUnitReportReporter -->
<testsuite hostname="Muralis-MBP.attlocal.net" failures="0" tests="1" name="tests.LinkedListTest" time="16.744" errors="0" timestamp="2025-05-24T13:34:57 PDT" skipped="0">
  <testcase classname="tests.LinkedListTest" name="linkedListValidation" time="16.744"/>
</testsuite> <!-- tests.LinkedListTest -->
