<?xml version="1.0" encoding="UTF-8"?>
<!-- Generated by org.testng.reporters.JUnitReportReporter -->
<testsuite hostname="DESKTOP-TCJEROD" failures="0" tests="34" name="tests.TreeTest" time="267.226" errors="0" timestamp="2025-05-20T18:05:02 PDT" skipped="0">
  <testcase classname="tests.TreeTest" name="headrElementsValidation" time="4.082"/>
  <testcase classname="tests.TreeTest" name="treePageValidation" time="5.320"/>
  <testcase classname="tests.TreeTest" name="treePageLinksValidation" time="5.147"/>
  <testcase classname="tests.TreeTest" name="treePageLinksValidation" time="5.093"/>
  <testcase classname="tests.TreeTest" name="treePageLinksValidation" time="6.017"/>
  <testcase classname="tests.TreeTest" name="treePageLinksValidation" time="6.170"/>
  <testcase classname="tests.TreeTest" name="treePageLinksValidation" time="7.042"/>
  <testcase classname="tests.TreeTest" name="treePageLinksValidation" time="5.081"/>
  <testcase classname="tests.TreeTest" name="treePageLinksValidation" time="5.670"/>
  <testcase classname="tests.TreeTest" name="treePageLinksValidation" time="6.315"/>
  <testcase classname="tests.TreeTest" name="treePageLinksValidation" time="5.846"/>
  <testcase classname="tests.TreeTest" name="treePageLinksValidation" time="5.049"/>
  <testcase classname="tests.TreeTest" name="treePageLinksValidation" time="5.649"/>
  <testcase classname="tests.TreeTest" name="treePageLinksValidation" time="5.441"/>
  <testcase classname="tests.TreeTest" name="treePageLinksValidation" time="7.025"/>
  <testcase classname="tests.TreeTest" name="tryHereValidation" time="8.860"/>
  <testcase classname="tests.TreeTest" name="tryHereValidation" time="6.490"/>
  <testcase classname="tests.TreeTest" name="tryHereValidation" time="9.530"/>
  <testcase classname="tests.TreeTest" name="tryHereValidation" time="8.009"/>
  <testcase classname="tests.TreeTest" name="tryHereValidation" time="7.282"/>
  <testcase classname="tests.TreeTest" name="tryHereValidation" time="7.229"/>
  <testcase classname="tests.TreeTest" name="tryHereValidation" time="10.186"/>
  <testcase classname="tests.TreeTest" name="tryHereValidation" time="7.610"/>
  <testcase classname="tests.TreeTest" name="tryHereValidation" time="8.135"/>
  <testcase classname="tests.TreeTest" name="tryHereValidation" time="9.821"/>
  <testcase classname="tests.TreeTest" name="tryHereValidation" time="7.833"/>
  <testcase classname="tests.TreeTest" name="tryHereValidation" time="8.502"/>
  <testcase classname="tests.TreeTest" name="tryHereValidation" time="8.757"/>
  <testcase classname="tests.TreeTest" name="practiceQuestionValidation" time="7.723"/>
  <testcase classname="tests.TreeTest" name="tryEditorValidationWithoutCode" time="7.489"/>
  <testcase classname="tests.TreeTest" name="incorrectPythonCodeValidation" time="19.939"/>
  <testcase classname="tests.TreeTest" name="validPythonCodeValidation" time="21.595"/>
  <testcase classname="tests.TreeTest" name="navigateBack" time="6.553"/>
  <testcase classname="tests.TreeTest" name="signoutValidation" time="10.736"/>
</testsuite> <!-- tests.TreeTest -->
