<?xml version="1.0" encoding="UTF-8"?>
<!-- Generated by org.testng.reporters.JUnitReportReporter -->
<testsuite hostname="DESKTOP-TCJEROD" failures="0" tests="34" name="tests.TreeTest" time="266.467" errors="0" timestamp="2025-05-19T18:42:06 PDT" skipped="0">
  <testcase classname="tests.TreeTest" name="headrElementsValidation" time="4.279"/>
  <testcase classname="tests.TreeTest" name="treePageValidation" time="4.650"/>
  <testcase classname="tests.TreeTest" name="treePageLinksValidation" time="5.153"/>
  <testcase classname="tests.TreeTest" name="treePageLinksValidation" time="5.305"/>
  <testcase classname="tests.TreeTest" name="treePageLinksValidation" time="4.984"/>
  <testcase classname="tests.TreeTest" name="treePageLinksValidation" time="6.372"/>
  <testcase classname="tests.TreeTest" name="treePageLinksValidation" time="4.954"/>
  <testcase classname="tests.TreeTest" name="treePageLinksValidation" time="5.687"/>
  <testcase classname="tests.TreeTest" name="treePageLinksValidation" time="5.146"/>
  <testcase classname="tests.TreeTest" name="treePageLinksValidation" time="5.548"/>
  <testcase classname="tests.TreeTest" name="treePageLinksValidation" time="5.177"/>
  <testcase classname="tests.TreeTest" name="treePageLinksValidation" time="5.260"/>
  <testcase classname="tests.TreeTest" name="treePageLinksValidation" time="6.260"/>
  <testcase classname="tests.TreeTest" name="treePageLinksValidation" time="5.113"/>
  <testcase classname="tests.TreeTest" name="treePageLinksValidation" time="6.536"/>
  <testcase classname="tests.TreeTest" name="tryHereValidation" time="7.216"/>
  <testcase classname="tests.TreeTest" name="tryHereValidation" time="7.652"/>
  <testcase classname="tests.TreeTest" name="tryHereValidation" time="8.755"/>
  <testcase classname="tests.TreeTest" name="tryHereValidation" time="7.256"/>
  <testcase classname="tests.TreeTest" name="tryHereValidation" time="9.946"/>
  <testcase classname="tests.TreeTest" name="tryHereValidation" time="9.448"/>
  <testcase classname="tests.TreeTest" name="tryHereValidation" time="8.098"/>
  <testcase classname="tests.TreeTest" name="tryHereValidation" time="8.609"/>
  <testcase classname="tests.TreeTest" name="tryHereValidation" time="9.222"/>
  <testcase classname="tests.TreeTest" name="tryHereValidation" time="8.178"/>
  <testcase classname="tests.TreeTest" name="tryHereValidation" time="9.378"/>
  <testcase classname="tests.TreeTest" name="tryHereValidation" time="7.150"/>
  <testcase classname="tests.TreeTest" name="tryHereValidation" time="8.777"/>
  <testcase classname="tests.TreeTest" name="practiceQuestionValidation" time="6.091"/>
  <testcase classname="tests.TreeTest" name="tryEditorValidationWithoutCode" time="10.366"/>
  <testcase classname="tests.TreeTest" name="incorrectPythonCodeValidation" time="23.498"/>
  <testcase classname="tests.TreeTest" name="validPythonCodeValidation" time="21.942"/>
  <testcase classname="tests.TreeTest" name="navigateBack" time="8.291"/>
  <testcase classname="tests.TreeTest" name="signoutValidation" time="6.170"/>
</testsuite> <!-- tests.TreeTest -->
